Traceback (most recent call last):
  File "/anaconda3/lib/python3.7/site-packages/jupyter_cache/executors/utils.py", line 56, in single_nb_execution
    record_timing=False,
  File "/anaconda3/lib/python3.7/site-packages/nbclient/client.py", line 1117, in execute
    return NotebookClient(nb=nb, resources=resources, km=km, **kwargs).execute()
  File "/anaconda3/lib/python3.7/site-packages/nbclient/util.py", line 78, in wrapped
    return just_run(coro(*args, **kwargs))
  File "/anaconda3/lib/python3.7/site-packages/nbclient/util.py", line 57, in just_run
    return loop.run_until_complete(coro)
  File "/anaconda3/lib/python3.7/asyncio/base_events.py", line 584, in run_until_complete
    return future.result()
  File "/anaconda3/lib/python3.7/site-packages/nbclient/client.py", line 559, in async_execute
    cell, index, execution_count=self.code_cells_executed + 1
  File "/anaconda3/lib/python3.7/site-packages/nbclient/client.py", line 862, in async_execute_cell
    self._check_raise_for_error(cell, exec_reply)
  File "/anaconda3/lib/python3.7/site-packages/nbclient/client.py", line 765, in _check_raise_for_error
    raise CellExecutionError.from_cell_and_msg(cell, exec_reply_content)
nbclient.exceptions.CellExecutionError: An error occurred while executing the following cell:
------------------
def fib(n):
    tab = {}
    f = 1
    for i in range(2, n+1):
        if n <= 2:
            f = 1
        else:
            f = tab[i-1] + tab[i-2]
        tab[i] = f
    return f

[fib(n) for n in range(1, 10)]
------------------

[0;31m---------------------------------------------------------------------------[0m
[0;31mKeyError[0m                                  Traceback (most recent call last)
[0;32m<ipython-input-3-703c9f28378a>[0m in [0;36m<module>[0;34m[0m
[1;32m     10[0m     [0;32mreturn[0m [0mf[0m[0;34m[0m[0;34m[0m[0m
[1;32m     11[0m [0;34m[0m[0m
[0;32m---> 12[0;31m [0;34m[[0m[0mfib[0m[0;34m([0m[0mn[0m[0;34m)[0m [0;32mfor[0m [0mn[0m [0;32min[0m [0mrange[0m[0;34m([0m[0;36m1[0m[0;34m,[0m [0;36m10[0m[0;34m)[0m[0;34m][0m[0;34m[0m[0;34m[0m[0m
[0m
[0;32m<ipython-input-3-703c9f28378a>[0m in [0;36m<listcomp>[0;34m(.0)[0m
[1;32m     10[0m     [0;32mreturn[0m [0mf[0m[0;34m[0m[0;34m[0m[0m
[1;32m     11[0m [0;34m[0m[0m
[0;32m---> 12[0;31m [0;34m[[0m[0mfib[0m[0;34m([0m[0mn[0m[0;34m)[0m [0;32mfor[0m [0mn[0m [0;32min[0m [0mrange[0m[0;34m([0m[0;36m1[0m[0;34m,[0m [0;36m10[0m[0;34m)[0m[0;34m][0m[0;34m[0m[0;34m[0m[0m
[0m
[0;32m<ipython-input-3-703c9f28378a>[0m in [0;36mfib[0;34m(n)[0m
[1;32m      6[0m             [0mf[0m [0;34m=[0m [0;36m1[0m[0;34m[0m[0;34m[0m[0m
[1;32m      7[0m         [0;32melse[0m[0;34m:[0m[0;34m[0m[0;34m[0m[0m
[0;32m----> 8[0;31m             [0mf[0m [0;34m=[0m [0mtab[0m[0;34m[[0m[0mi[0m[0;34m-[0m[0;36m1[0m[0;34m][0m [0;34m+[0m [0mtab[0m[0;34m[[0m[0mi[0m[0;34m-[0m[0;36m2[0m[0;34m][0m[0;34m[0m[0;34m[0m[0m
[0m[1;32m      9[0m         [0mtab[0m[0;34m[[0m[0mi[0m[0;34m][0m [0;34m=[0m [0mf[0m[0;34m[0m[0;34m[0m[0m
[1;32m     10[0m     [0;32mreturn[0m [0mf[0m[0;34m[0m[0;34m[0m[0m

[0;31mKeyError[0m: 1
KeyError: 1

